<?xml version="1.0" encoding="UTF-8"?>
<testsuite xmlns:xsi="http://www.w3.org/2001/XMLSchema-instance" xsi:noNamespaceSchemaLocation="https://maven.apache.org/surefire/maven-surefire-plugin/xsd/surefire-test-report-3.0.xsd" version="3.0" name="com.example.demo.selenium.MainPageTest" time="18.525" tests="2" errors="0" skipped="0" failures="0">
  <properties>
    <property name="java.specification.version" value="20"/>
    <property name="webdriver.chrome.driver" value="C:\Users\az_me\.cache\selenium\chromedriver\win64\133.0.6943.141\chromedriver.exe"/>
    <property name="sun.cpu.isalist" value="amd64"/>
    <property name="sun.jnu.encoding" value="Cp1251"/>
    <property name="java.class.path" value="C:\Java\Projects\Lombard\target\test-classes;C:\Java\Projects\Lombard\target\classes;C:\Users\az_me\.m2\repository\org\springframework\boot\spring-boot-starter-data-jpa\3.1.0\spring-boot-starter-data-jpa-3.1.0.jar;C:\Users\az_me\.m2\repository\org\springframework\boot\spring-boot-starter-aop\3.1.0\spring-boot-starter-aop-3.1.0.jar;C:\Users\az_me\.m2\repository\org\springframework\spring-aop\6.0.9\spring-aop-6.0.9.jar;C:\Users\az_me\.m2\repository\org\aspectj\aspectjweaver\1.9.19\aspectjweaver-1.9.19.jar;C:\Users\az_me\.m2\repository\org\springframework\boot\spring-boot-starter-jdbc\3.1.0\spring-boot-starter-jdbc-3.1.0.jar;C:\Users\az_me\.m2\repository\com\zaxxer\HikariCP\5.0.1\HikariCP-5.0.1.jar;C:\Users\az_me\.m2\repository\org\springframework\spring-jdbc\6.0.9\spring-jdbc-6.0.9.jar;C:\Users\az_me\.m2\repository\org\hibernate\orm\hibernate-core\6.2.2.Final\hibernate-core-6.2.2.Final.jar;C:\Users\az_me\.m2\repository\jakarta\persistence\jakarta.persistence-api\3.1.0\jakarta.persistence-api-3.1.0.jar;C:\Users\az_me\.m2\repository\jakarta\transaction\jakarta.transaction-api\2.0.1\jakarta.transaction-api-2.0.1.jar;C:\Users\az_me\.m2\repository\org\jboss\logging\jboss-logging\3.5.0.Final\jboss-logging-3.5.0.Final.jar;C:\Users\az_me\.m2\repository\org\hibernate\common\hibernate-commons-annotations\6.0.6.Final\hibernate-commons-annotations-6.0.6.Final.jar;C:\Users\az_me\.m2\repository\io\smallrye\jandex\3.0.5\jandex-3.0.5.jar;C:\Users\az_me\.m2\repository\com\fasterxml\classmate\1.5.1\classmate-1.5.1.jar;C:\Users\az_me\.m2\repository\net\bytebuddy\byte-buddy\1.14.4\byte-buddy-1.14.4.jar;C:\Users\az_me\.m2\repository\org\glassfish\jaxb\jaxb-runtime\4.0.2\jaxb-runtime-4.0.2.jar;C:\Users\az_me\.m2\repository\org\glassfish\jaxb\jaxb-core\4.0.2\jaxb-core-4.0.2.jar;C:\Users\az_me\.m2\repository\org\eclipse\angus\angus-activation\2.0.0\angus-activation-2.0.0.jar;C:\Users\az_me\.m2\repository\org\glassfish\jaxb\txw2\4.0.2\txw2-4.0.2.jar;C:\Users\az_me\.m2\repository\com\sun\istack\istack-commons-runtime\4.1.1\istack-commons-runtime-4.1.1.jar;C:\Users\az_me\.m2\repository\jakarta\inject\jakarta.inject-api\2.0.1\jakarta.inject-api-2.0.1.jar;C:\Users\az_me\.m2\repository\org\antlr\antlr4-runtime\4.10.1\antlr4-runtime-4.10.1.jar;C:\Users\az_me\.m2\repository\org\springframework\data\spring-data-jpa\3.1.0\spring-data-jpa-3.1.0.jar;C:\Users\az_me\.m2\repository\org\springframework\data\spring-data-commons\3.1.0\spring-data-commons-3.1.0.jar;C:\Users\az_me\.m2\repository\org\springframework\spring-orm\6.0.9\spring-orm-6.0.9.jar;C:\Users\az_me\.m2\repository\org\springframework\spring-context\6.0.9\spring-context-6.0.9.jar;C:\Users\az_me\.m2\repository\org\springframework\spring-tx\6.0.9\spring-tx-6.0.9.jar;C:\Users\az_me\.m2\repository\jakarta\annotation\jakarta.annotation-api\2.1.1\jakarta.annotation-api-2.1.1.jar;C:\Users\az_me\.m2\repository\org\springframework\spring-aspects\6.0.9\spring-aspects-6.0.9.jar;C:\Users\az_me\.m2\repository\org\springframework\boot\spring-boot-starter-thymeleaf\3.1.0\spring-boot-starter-thymeleaf-3.1.0.jar;C:\Users\az_me\.m2\repository\org\springframework\boot\spring-boot-starter\3.1.0\spring-boot-starter-3.1.0.jar;C:\Users\az_me\.m2\repository\org\springframework\boot\spring-boot\3.1.0\spring-boot-3.1.0.jar;C:\Users\az_me\.m2\repository\org\springframework\boot\spring-boot-autoconfigure\3.1.0\spring-boot-autoconfigure-3.1.0.jar;C:\Users\az_me\.m2\repository\org\springframework\boot\spring-boot-starter-logging\3.1.0\spring-boot-starter-logging-3.1.0.jar;C:\Users\az_me\.m2\repository\ch\qos\logback\logback-classic\1.4.7\logback-classic-1.4.7.jar;C:\Users\az_me\.m2\repository\ch\qos\logback\logback-core\1.4.7\logback-core-1.4.7.jar;C:\Users\az_me\.m2\repository\org\apache\logging\log4j\log4j-to-slf4j\2.20.0\log4j-to-slf4j-2.20.0.jar;C:\Users\az_me\.m2\repository\org\apache\logging\log4j\log4j-api\2.20.0\log4j-api-2.20.0.jar;C:\Users\az_me\.m2\repository\org\slf4j\jul-to-slf4j\2.0.7\jul-to-slf4j-2.0.7.jar;C:\Users\az_me\.m2\repository\org\yaml\snakeyaml\1.33\snakeyaml-1.33.jar;C:\Users\az_me\.m2\repository\org\thymeleaf\thymeleaf-spring6\3.1.1.RELEASE\thymeleaf-spring6-3.1.1.RELEASE.jar;C:\Users\az_me\.m2\repository\org\thymeleaf\thymeleaf\3.1.1.RELEASE\thymeleaf-3.1.1.RELEASE.jar;C:\Users\az_me\.m2\repository\org\attoparser\attoparser\2.0.6.RELEASE\attoparser-2.0.6.RELEASE.jar;C:\Users\az_me\.m2\repository\org\unbescape\unbescape\1.1.6.RELEASE\unbescape-1.1.6.RELEASE.jar;C:\Users\az_me\.m2\repository\org\springframework\boot\spring-boot-starter-web\3.1.0\spring-boot-starter-web-3.1.0.jar;C:\Users\az_me\.m2\repository\org\springframework\boot\spring-boot-starter-json\3.1.0\spring-boot-starter-json-3.1.0.jar;C:\Users\az_me\.m2\repository\com\fasterxml\jackson\core\jackson-databind\2.15.0\jackson-databind-2.15.0.jar;C:\Users\az_me\.m2\repository\com\fasterxml\jackson\core\jackson-annotations\2.15.0\jackson-annotations-2.15.0.jar;C:\Users\az_me\.m2\repository\com\fasterxml\jackson\core\jackson-core\2.15.0\jackson-core-2.15.0.jar;C:\Users\az_me\.m2\repository\com\fasterxml\jackson\datatype\jackson-datatype-jdk8\2.15.0\jackson-datatype-jdk8-2.15.0.jar;C:\Users\az_me\.m2\repository\com\fasterxml\jackson\datatype\jackson-datatype-jsr310\2.15.0\jackson-datatype-jsr310-2.15.0.jar;C:\Users\az_me\.m2\repository\com\fasterxml\jackson\module\jackson-module-parameter-names\2.15.0\jackson-module-parameter-names-2.15.0.jar;C:\Users\az_me\.m2\repository\org\springframework\boot\spring-boot-starter-tomcat\3.1.0\spring-boot-starter-tomcat-3.1.0.jar;C:\Users\az_me\.m2\repository\org\apache\tomcat\embed\tomcat-embed-el\10.1.8\tomcat-embed-el-10.1.8.jar;C:\Users\az_me\.m2\repository\org\apache\tomcat\embed\tomcat-embed-websocket\10.1.8\tomcat-embed-websocket-10.1.8.jar;C:\Users\az_me\.m2\repository\org\springframework\spring-webmvc\6.0.9\spring-webmvc-6.0.9.jar;C:\Users\az_me\.m2\repository\org\springframework\spring-expression\6.0.9\spring-expression-6.0.9.jar;C:\Users\az_me\.m2\repository\org\springframework\boot\spring-boot-starter-test\3.1.0\spring-boot-starter-test-3.1.0.jar;C:\Users\az_me\.m2\repository\org\springframework\boot\spring-boot-test\3.1.0\spring-boot-test-3.1.0.jar;C:\Users\az_me\.m2\repository\org\springframework\boot\spring-boot-test-autoconfigure\3.1.0\spring-boot-test-autoconfigure-3.1.0.jar;C:\Users\az_me\.m2\repository\com\jayway\jsonpath\json-path\2.8.0\json-path-2.8.0.jar;C:\Users\az_me\.m2\repository\jakarta\xml\bind\jakarta.xml.bind-api\4.0.0\jakarta.xml.bind-api-4.0.0.jar;C:\Users\az_me\.m2\repository\jakarta\activation\jakarta.activation-api\2.1.2\jakarta.activation-api-2.1.2.jar;C:\Users\az_me\.m2\repository\net\minidev\json-smart\2.4.10\json-smart-2.4.10.jar;C:\Users\az_me\.m2\repository\net\minidev\accessors-smart\2.4.9\accessors-smart-2.4.9.jar;C:\Users\az_me\.m2\repository\org\ow2\asm\asm\9.3\asm-9.3.jar;C:\Users\az_me\.m2\repository\org\assertj\assertj-core\3.24.2\assertj-core-3.24.2.jar;C:\Users\az_me\.m2\repository\org\hamcrest\hamcrest\2.2\hamcrest-2.2.jar;C:\Users\az_me\.m2\repository\org\junit\jupiter\junit-jupiter\5.9.3\junit-jupiter-5.9.3.jar;C:\Users\az_me\.m2\repository\org\junit\jupiter\junit-jupiter-params\5.9.3\junit-jupiter-params-5.9.3.jar;C:\Users\az_me\.m2\repository\org\junit\jupiter\junit-jupiter-engine\5.9.3\junit-jupiter-engine-5.9.3.jar;C:\Users\az_me\.m2\repository\org\junit\platform\junit-platform-engine\1.9.3\junit-platform-engine-1.9.3.jar;C:\Users\az_me\.m2\repository\org\mockito\mockito-core\5.3.1\mockito-core-5.3.1.jar;C:\Users\az_me\.m2\repository\net\bytebuddy\byte-buddy-agent\1.14.4\byte-buddy-agent-1.14.4.jar;C:\Users\az_me\.m2\repository\org\objenesis\objenesis\3.3\objenesis-3.3.jar;C:\Users\az_me\.m2\repository\org\skyscreamer\jsonassert\1.5.1\jsonassert-1.5.1.jar;C:\Users\az_me\.m2\repository\com\vaadin\external\google\android-json\0.0.20131108.vaadin1\android-json-0.0.20131108.vaadin1.jar;C:\Users\az_me\.m2\repository\org\springframework\spring-core\6.0.9\spring-core-6.0.9.jar;C:\Users\az_me\.m2\repository\org\springframework\spring-jcl\6.0.9\spring-jcl-6.0.9.jar;C:\Users\az_me\.m2\repository\org\springframework\spring-test\6.0.9\spring-test-6.0.9.jar;C:\Users\az_me\.m2\repository\org\xmlunit\xmlunit-core\2.9.1\xmlunit-core-2.9.1.jar;C:\Users\az_me\.m2\repository\org\springframework\security\spring-security-crypto\5.5.1\spring-security-crypto-5.5.1.jar;C:\Users\az_me\.m2\repository\org\apache\tomcat\embed\tomcat-embed-core\10.1.8\tomcat-embed-core-10.1.8.jar;C:\Users\az_me\.m2\repository\org\apache\tomcat\tomcat-annotations-api\10.1.8\tomcat-annotations-api-10.1.8.jar;C:\Users\az_me\.m2\repository\org\springframework\spring-web\6.0.9\spring-web-6.0.9.jar;C:\Users\az_me\.m2\repository\org\springframework\spring-beans\6.0.9\spring-beans-6.0.9.jar;C:\Users\az_me\.m2\repository\io\micrometer\micrometer-observation\1.11.0\micrometer-observation-1.11.0.jar;C:\Users\az_me\.m2\repository\io\micrometer\micrometer-commons\1.11.0\micrometer-commons-1.11.0.jar;C:\Users\az_me\.m2\repository\junit\junit\4.13.2\junit-4.13.2.jar;C:\Users\az_me\.m2\repository\org\hamcrest\hamcrest-core\2.2\hamcrest-core-2.2.jar;C:\Users\az_me\.m2\repository\org\projectlombok\lombok\1.18.26\lombok-1.18.26.jar;C:\Users\az_me\.m2\repository\com\h2database\h2\2.1.214\h2-2.1.214.jar;C:\Users\az_me\.m2\repository\org\apache\commons\commons-csv\1.9.0\commons-csv-1.9.0.jar;C:\Users\az_me\.m2\repository\org\junit\jupiter\junit-jupiter-api\5.9.3\junit-jupiter-api-5.9.3.jar;C:\Users\az_me\.m2\repository\org\opentest4j\opentest4j\1.2.0\opentest4j-1.2.0.jar;C:\Users\az_me\.m2\repository\org\junit\platform\junit-platform-commons\1.9.3\junit-platform-commons-1.9.3.jar;C:\Users\az_me\.m2\repository\org\apiguardian\apiguardian-api\1.1.2\apiguardian-api-1.1.2.jar;C:\Users\az_me\.m2\repository\org\mockito\mockito-junit-jupiter\5.3.1\mockito-junit-jupiter-5.3.1.jar;C:\Users\az_me\.m2\repository\org\seleniumhq\selenium\selenium-java\4.10.0\selenium-java-4.10.0.jar;C:\Users\az_me\.m2\repository\org\seleniumhq\selenium\selenium-api\4.8.3\selenium-api-4.8.3.jar;C:\Users\az_me\.m2\repository\org\seleniumhq\selenium\selenium-chrome-driver\4.8.3\selenium-chrome-driver-4.8.3.jar;C:\Users\az_me\.m2\repository\com\google\auto\service\auto-service-annotations\1.0.1\auto-service-annotations-1.0.1.jar;C:\Users\az_me\.m2\repository\com\google\auto\service\auto-service\1.0.1\auto-service-1.0.1.jar;C:\Users\az_me\.m2\repository\com\google\auto\auto-common\1.2\auto-common-1.2.jar;C:\Users\az_me\.m2\repository\com\google\guava\guava\31.1-jre\guava-31.1-jre.jar;C:\Users\az_me\.m2\repository\com\google\guava\failureaccess\1.0.1\failureaccess-1.0.1.jar;C:\Users\az_me\.m2\repository\com\google\guava\listenablefuture\9999.0-empty-to-avoid-conflict-with-guava\listenablefuture-9999.0-empty-to-avoid-conflict-with-guava.jar;C:\Users\az_me\.m2\repository\com\google\code\findbugs\jsr305\3.0.2\jsr305-3.0.2.jar;C:\Users\az_me\.m2\repository\org\checkerframework\checker-qual\3.12.0\checker-qual-3.12.0.jar;C:\Users\az_me\.m2\repository\com\google\errorprone\error_prone_annotations\2.11.0\error_prone_annotations-2.11.0.jar;C:\Users\az_me\.m2\repository\com\google\j2objc\j2objc-annotations\1.3\j2objc-annotations-1.3.jar;C:\Users\az_me\.m2\repository\org\seleniumhq\selenium\selenium-chromium-driver\4.8.3\selenium-chromium-driver-4.8.3.jar;C:\Users\az_me\.m2\repository\org\seleniumhq\selenium\selenium-json\4.8.3\selenium-json-4.8.3.jar;C:\Users\az_me\.m2\repository\org\seleniumhq\selenium\selenium-manager\4.8.3\selenium-manager-4.8.3.jar;C:\Users\az_me\.m2\repository\org\seleniumhq\selenium\selenium-devtools-v112\4.10.0\selenium-devtools-v112-4.10.0.jar;C:\Users\az_me\.m2\repository\org\seleniumhq\selenium\selenium-devtools-v113\4.10.0\selenium-devtools-v113-4.10.0.jar;C:\Users\az_me\.m2\repository\org\seleniumhq\selenium\selenium-devtools-v114\4.10.0\selenium-devtools-v114-4.10.0.jar;C:\Users\az_me\.m2\repository\org\seleniumhq\selenium\selenium-devtools-v85\4.8.3\selenium-devtools-v85-4.8.3.jar;C:\Users\az_me\.m2\repository\org\seleniumhq\selenium\selenium-edge-driver\4.8.3\selenium-edge-driver-4.8.3.jar;C:\Users\az_me\.m2\repository\org\seleniumhq\selenium\selenium-firefox-driver\4.8.3\selenium-firefox-driver-4.8.3.jar;C:\Users\az_me\.m2\repository\org\seleniumhq\selenium\selenium-http\4.8.3\selenium-http-4.8.3.jar;C:\Users\az_me\.m2\repository\dev\failsafe\failsafe\3.3.1\failsafe-3.3.1.jar;C:\Users\az_me\.m2\repository\org\seleniumhq\selenium\selenium-ie-driver\4.8.3\selenium-ie-driver-4.8.3.jar;C:\Users\az_me\.m2\repository\org\seleniumhq\selenium\selenium-remote-driver\4.8.3\selenium-remote-driver-4.8.3.jar;C:\Users\az_me\.m2\repository\com\beust\jcommander\1.82\jcommander-1.82.jar;C:\Users\az_me\.m2\repository\io\netty\netty-buffer\4.1.92.Final\netty-buffer-4.1.92.Final.jar;C:\Users\az_me\.m2\repository\io\netty\netty-codec-http\4.1.92.Final\netty-codec-http-4.1.92.Final.jar;C:\Users\az_me\.m2\repository\io\netty\netty-codec\4.1.92.Final\netty-codec-4.1.92.Final.jar;C:\Users\az_me\.m2\repository\io\netty\netty-handler\4.1.92.Final\netty-handler-4.1.92.Final.jar;C:\Users\az_me\.m2\repository\io\netty\netty-common\4.1.92.Final\netty-common-4.1.92.Final.jar;C:\Users\az_me\.m2\repository\io\netty\netty-transport-classes-epoll\4.1.92.Final\netty-transport-classes-epoll-4.1.92.Final.jar;C:\Users\az_me\.m2\repository\io\netty\netty-transport-classes-kqueue\4.1.92.Final\netty-transport-classes-kqueue-4.1.92.Final.jar;C:\Users\az_me\.m2\repository\io\netty\netty-transport-native-epoll\4.1.92.Final\netty-transport-native-epoll-4.1.92.Final.jar;C:\Users\az_me\.m2\repository\io\netty\netty-transport-native-kqueue\4.1.92.Final\netty-transport-native-kqueue-4.1.92.Final.jar;C:\Users\az_me\.m2\repository\io\netty\netty-transport-native-unix-common\4.1.92.Final\netty-transport-native-unix-common-4.1.92.Final.jar;C:\Users\az_me\.m2\repository\io\netty\netty-transport\4.1.92.Final\netty-transport-4.1.92.Final.jar;C:\Users\az_me\.m2\repository\io\netty\netty-resolver\4.1.92.Final\netty-resolver-4.1.92.Final.jar;C:\Users\az_me\.m2\repository\io\opentelemetry\opentelemetry-api\1.25.0\opentelemetry-api-1.25.0.jar;C:\Users\az_me\.m2\repository\io\opentelemetry\opentelemetry-context\1.25.0\opentelemetry-context-1.25.0.jar;C:\Users\az_me\.m2\repository\io\opentelemetry\opentelemetry-exporter-logging\1.25.0\opentelemetry-exporter-logging-1.25.0.jar;C:\Users\az_me\.m2\repository\io\opentelemetry\opentelemetry-sdk-metrics\1.25.0\opentelemetry-sdk-metrics-1.25.0.jar;C:\Users\az_me\.m2\repository\io\opentelemetry\opentelemetry-sdk-logs\1.25.0-alpha\opentelemetry-sdk-logs-1.25.0-alpha.jar;C:\Users\az_me\.m2\repository\io\opentelemetry\opentelemetry-api-logs\1.25.0-alpha\opentelemetry-api-logs-1.25.0-alpha.jar;C:\Users\az_me\.m2\repository\io\opentelemetry\opentelemetry-api-events\1.25.0-alpha\opentelemetry-api-events-1.25.0-alpha.jar;C:\Users\az_me\.m2\repository\io\opentelemetry\opentelemetry-sdk-common\1.25.0\opentelemetry-sdk-common-1.25.0.jar;C:\Users\az_me\.m2\repository\io\opentelemetry\opentelemetry-sdk-extension-autoconfigure-spi\1.25.0\opentelemetry-sdk-extension-autoconfigure-spi-1.25.0.jar;C:\Users\az_me\.m2\repository\io\opentelemetry\opentelemetry-sdk-extension-autoconfigure\1.24.0-alpha\opentelemetry-sdk-extension-autoconfigure-1.24.0-alpha.jar;C:\Users\az_me\.m2\repository\io\opentelemetry\opentelemetry-sdk-trace\1.25.0\opentelemetry-sdk-trace-1.25.0.jar;C:\Users\az_me\.m2\repository\io\opentelemetry\opentelemetry-sdk\1.25.0\opentelemetry-sdk-1.25.0.jar;C:\Users\az_me\.m2\repository\io\opentelemetry\opentelemetry-semconv\1.24.0-alpha\opentelemetry-semconv-1.24.0-alpha.jar;C:\Users\az_me\.m2\repository\io\ous\jtoml\2.0.0\jtoml-2.0.0.jar;C:\Users\az_me\.m2\repository\org\apache\commons\commons-exec\1.3\commons-exec-1.3.jar;C:\Users\az_me\.m2\repository\org\asynchttpclient\async-http-client\2.12.3\async-http-client-2.12.3.jar;C:\Users\az_me\.m2\repository\org\asynchttpclient\async-http-client-netty-utils\2.12.3\async-http-client-netty-utils-2.12.3.jar;C:\Users\az_me\.m2\repository\io\netty\netty-codec-socks\4.1.92.Final\netty-codec-socks-4.1.92.Final.jar;C:\Users\az_me\.m2\repository\io\netty\netty-handler-proxy\4.1.92.Final\netty-handler-proxy-4.1.92.Final.jar;C:\Users\az_me\.m2\repository\io\netty\netty-transport-native-epoll\4.1.92.Final\netty-transport-native-epoll-4.1.92.Final-linux-x86_64.jar;C:\Users\az_me\.m2\repository\io\netty\netty-transport-native-kqueue\4.1.92.Final\netty-transport-native-kqueue-4.1.92.Final-osx-x86_64.jar;C:\Users\az_me\.m2\repository\org\reactivestreams\reactive-streams\1.0.4\reactive-streams-1.0.4.jar;C:\Users\az_me\.m2\repository\com\typesafe\netty\netty-reactive-streams\2.0.4\netty-reactive-streams-2.0.4.jar;C:\Users\az_me\.m2\repository\com\sun\activation\jakarta.activation\1.2.2\jakarta.activation-1.2.2.jar;C:\Users\az_me\.m2\repository\org\seleniumhq\selenium\selenium-safari-driver\4.8.3\selenium-safari-driver-4.8.3.jar;C:\Users\az_me\.m2\repository\org\seleniumhq\selenium\selenium-support\4.8.3\selenium-support-4.8.3.jar;C:\Users\az_me\.m2\repository\io\github\bonigarcia\webdrivermanager\5.4.1\webdrivermanager-5.4.1.jar;C:\Users\az_me\.m2\repository\org\slf4j\slf4j-api\2.0.7\slf4j-api-2.0.7.jar;C:\Users\az_me\.m2\repository\com\google\code\gson\gson\2.10.1\gson-2.10.1.jar;C:\Users\az_me\.m2\repository\com\github\docker-java\docker-java\3.3.2\docker-java-3.3.2.jar;C:\Users\az_me\.m2\repository\com\github\docker-java\docker-java-core\3.3.2\docker-java-core-3.3.2.jar;C:\Users\az_me\.m2\repository\com\github\docker-java\docker-java-api\3.3.2\docker-java-api-3.3.2.jar;C:\Users\az_me\.m2\repository\commons-io\commons-io\2.6\commons-io-2.6.jar;C:\Users\az_me\.m2\repository\org\apache\commons\commons-compress\1.21\commons-compress-1.21.jar;C:\Users\az_me\.m2\repository\org\bouncycastle\bcpkix-jdk15on\1.64\bcpkix-jdk15on-1.64.jar;C:\Users\az_me\.m2\repository\org\bouncycastle\bcprov-jdk15on\1.64\bcprov-jdk15on-1.64.jar;C:\Users\az_me\.m2\repository\org\slf4j\jcl-over-slf4j\2.0.7\jcl-over-slf4j-2.0.7.jar;C:\Users\az_me\.m2\repository\com\github\docker-java\docker-java-transport-httpclient5\3.3.2\docker-java-transport-httpclient5-3.3.2.jar;C:\Users\az_me\.m2\repository\com\github\docker-java\docker-java-transport\3.3.2\docker-java-transport-3.3.2.jar;C:\Users\az_me\.m2\repository\net\java\dev\jna\jna\5.12.1\jna-5.12.1.jar;C:\Users\az_me\.m2\repository\org\brotli\dec\0.1.2\dec-0.1.2.jar;C:\Users\az_me\.m2\repository\org\apache\commons\commons-lang3\3.12.0\commons-lang3-3.12.0.jar;C:\Users\az_me\.m2\repository\org\apache\httpcomponents\client5\httpclient5\5.2.1\httpclient5-5.2.1.jar;C:\Users\az_me\.m2\repository\org\apache\httpcomponents\core5\httpcore5\5.2.1\httpcore5-5.2.1.jar;C:\Users\az_me\.m2\repository\org\apache\httpcomponents\core5\httpcore5-h2\5.2.1\httpcore5-h2-5.2.1.jar;"/>
    <property name="java.vm.vendor" value="Oracle Corporation"/>
    <property name="sun.arch.data.model" value="64"/>
    <property name="user.variant" value=""/>
    <property name="catalina.useNaming" value="false"/>
    <property name="java.vendor.url" value="https://java.oracle.com/"/>
    <property name="user.timezone" value="Europe/Moscow"/>
    <property name="org.jboss.logging.provider" value="slf4j"/>
    <property name="os.name" value="Windows 11"/>
    <property name="java.vm.specification.version" value="20"/>
    <property name="sun.java.launcher" value="SUN_STANDARD"/>
    <property name="user.country" value="RU"/>
    <property name="sun.boot.library.path" value="C:\Program Files\Java\jdk-20\bin"/>
    <property name="sun.java.command" value="C:\Users\az_me\AppData\Local\Temp\surefire14495938362536297935\surefirebooter-20250226160244946_3.jar C:\Users\az_me\AppData\Local\Temp\surefire14495938362536297935 2025-02-26T16-02-44_635-jvmRun1 surefire-20250226160244946_1tmp surefire_0-20250226160244946_2tmp"/>
    <property name="jdk.debug" value="release"/>
    <property name="test" value="MainPageTest"/>
    <property name="surefire.test.class.path" value="C:\Java\Projects\Lombard\target\test-classes;C:\Java\Projects\Lombard\target\classes;C:\Users\az_me\.m2\repository\org\springframework\boot\spring-boot-starter-data-jpa\3.1.0\spring-boot-starter-data-jpa-3.1.0.jar;C:\Users\az_me\.m2\repository\org\springframework\boot\spring-boot-starter-aop\3.1.0\spring-boot-starter-aop-3.1.0.jar;C:\Users\az_me\.m2\repository\org\springframework\spring-aop\6.0.9\spring-aop-6.0.9.jar;C:\Users\az_me\.m2\repository\org\aspectj\aspectjweaver\1.9.19\aspectjweaver-1.9.19.jar;C:\Users\az_me\.m2\repository\org\springframework\boot\spring-boot-starter-jdbc\3.1.0\spring-boot-starter-jdbc-3.1.0.jar;C:\Users\az_me\.m2\repository\com\zaxxer\HikariCP\5.0.1\HikariCP-5.0.1.jar;C:\Users\az_me\.m2\repository\org\springframework\spring-jdbc\6.0.9\spring-jdbc-6.0.9.jar;C:\Users\az_me\.m2\repository\org\hibernate\orm\hibernate-core\6.2.2.Final\hibernate-core-6.2.2.Final.jar;C:\Users\az_me\.m2\repository\jakarta\persistence\jakarta.persistence-api\3.1.0\jakarta.persistence-api-3.1.0.jar;C:\Users\az_me\.m2\repository\jakarta\transaction\jakarta.transaction-api\2.0.1\jakarta.transaction-api-2.0.1.jar;C:\Users\az_me\.m2\repository\org\jboss\logging\jboss-logging\3.5.0.Final\jboss-logging-3.5.0.Final.jar;C:\Users\az_me\.m2\repository\org\hibernate\common\hibernate-commons-annotations\6.0.6.Final\hibernate-commons-annotations-6.0.6.Final.jar;C:\Users\az_me\.m2\repository\io\smallrye\jandex\3.0.5\jandex-3.0.5.jar;C:\Users\az_me\.m2\repository\com\fasterxml\classmate\1.5.1\classmate-1.5.1.jar;C:\Users\az_me\.m2\repository\net\bytebuddy\byte-buddy\1.14.4\byte-buddy-1.14.4.jar;C:\Users\az_me\.m2\repository\org\glassfish\jaxb\jaxb-runtime\4.0.2\jaxb-runtime-4.0.2.jar;C:\Users\az_me\.m2\repository\org\glassfish\jaxb\jaxb-core\4.0.2\jaxb-core-4.0.2.jar;C:\Users\az_me\.m2\repository\org\eclipse\angus\angus-activation\2.0.0\angus-activation-2.0.0.jar;C:\Users\az_me\.m2\repository\org\glassfish\jaxb\txw2\4.0.2\txw2-4.0.2.jar;C:\Users\az_me\.m2\repository\com\sun\istack\istack-commons-runtime\4.1.1\istack-commons-runtime-4.1.1.jar;C:\Users\az_me\.m2\repository\jakarta\inject\jakarta.inject-api\2.0.1\jakarta.inject-api-2.0.1.jar;C:\Users\az_me\.m2\repository\org\antlr\antlr4-runtime\4.10.1\antlr4-runtime-4.10.1.jar;C:\Users\az_me\.m2\repository\org\springframework\data\spring-data-jpa\3.1.0\spring-data-jpa-3.1.0.jar;C:\Users\az_me\.m2\repository\org\springframework\data\spring-data-commons\3.1.0\spring-data-commons-3.1.0.jar;C:\Users\az_me\.m2\repository\org\springframework\spring-orm\6.0.9\spring-orm-6.0.9.jar;C:\Users\az_me\.m2\repository\org\springframework\spring-context\6.0.9\spring-context-6.0.9.jar;C:\Users\az_me\.m2\repository\org\springframework\spring-tx\6.0.9\spring-tx-6.0.9.jar;C:\Users\az_me\.m2\repository\jakarta\annotation\jakarta.annotation-api\2.1.1\jakarta.annotation-api-2.1.1.jar;C:\Users\az_me\.m2\repository\org\springframework\spring-aspects\6.0.9\spring-aspects-6.0.9.jar;C:\Users\az_me\.m2\repository\org\springframework\boot\spring-boot-starter-thymeleaf\3.1.0\spring-boot-starter-thymeleaf-3.1.0.jar;C:\Users\az_me\.m2\repository\org\springframework\boot\spring-boot-starter\3.1.0\spring-boot-starter-3.1.0.jar;C:\Users\az_me\.m2\repository\org\springframework\boot\spring-boot\3.1.0\spring-boot-3.1.0.jar;C:\Users\az_me\.m2\repository\org\springframework\boot\spring-boot-autoconfigure\3.1.0\spring-boot-autoconfigure-3.1.0.jar;C:\Users\az_me\.m2\repository\org\springframework\boot\spring-boot-starter-logging\3.1.0\spring-boot-starter-logging-3.1.0.jar;C:\Users\az_me\.m2\repository\ch\qos\logback\logback-classic\1.4.7\logback-classic-1.4.7.jar;C:\Users\az_me\.m2\repository\ch\qos\logback\logback-core\1.4.7\logback-core-1.4.7.jar;C:\Users\az_me\.m2\repository\org\apache\logging\log4j\log4j-to-slf4j\2.20.0\log4j-to-slf4j-2.20.0.jar;C:\Users\az_me\.m2\repository\org\apache\logging\log4j\log4j-api\2.20.0\log4j-api-2.20.0.jar;C:\Users\az_me\.m2\repository\org\slf4j\jul-to-slf4j\2.0.7\jul-to-slf4j-2.0.7.jar;C:\Users\az_me\.m2\repository\org\yaml\snakeyaml\1.33\snakeyaml-1.33.jar;C:\Users\az_me\.m2\repository\org\thymeleaf\thymeleaf-spring6\3.1.1.RELEASE\thymeleaf-spring6-3.1.1.RELEASE.jar;C:\Users\az_me\.m2\repository\org\thymeleaf\thymeleaf\3.1.1.RELEASE\thymeleaf-3.1.1.RELEASE.jar;C:\Users\az_me\.m2\repository\org\attoparser\attoparser\2.0.6.RELEASE\attoparser-2.0.6.RELEASE.jar;C:\Users\az_me\.m2\repository\org\unbescape\unbescape\1.1.6.RELEASE\unbescape-1.1.6.RELEASE.jar;C:\Users\az_me\.m2\repository\org\springframework\boot\spring-boot-starter-web\3.1.0\spring-boot-starter-web-3.1.0.jar;C:\Users\az_me\.m2\repository\org\springframework\boot\spring-boot-starter-json\3.1.0\spring-boot-starter-json-3.1.0.jar;C:\Users\az_me\.m2\repository\com\fasterxml\jackson\core\jackson-databind\2.15.0\jackson-databind-2.15.0.jar;C:\Users\az_me\.m2\repository\com\fasterxml\jackson\core\jackson-annotations\2.15.0\jackson-annotations-2.15.0.jar;C:\Users\az_me\.m2\repository\com\fasterxml\jackson\core\jackson-core\2.15.0\jackson-core-2.15.0.jar;C:\Users\az_me\.m2\repository\com\fasterxml\jackson\datatype\jackson-datatype-jdk8\2.15.0\jackson-datatype-jdk8-2.15.0.jar;C:\Users\az_me\.m2\repository\com\fasterxml\jackson\datatype\jackson-datatype-jsr310\2.15.0\jackson-datatype-jsr310-2.15.0.jar;C:\Users\az_me\.m2\repository\com\fasterxml\jackson\module\jackson-module-parameter-names\2.15.0\jackson-module-parameter-names-2.15.0.jar;C:\Users\az_me\.m2\repository\org\springframework\boot\spring-boot-starter-tomcat\3.1.0\spring-boot-starter-tomcat-3.1.0.jar;C:\Users\az_me\.m2\repository\org\apache\tomcat\embed\tomcat-embed-el\10.1.8\tomcat-embed-el-10.1.8.jar;C:\Users\az_me\.m2\repository\org\apache\tomcat\embed\tomcat-embed-websocket\10.1.8\tomcat-embed-websocket-10.1.8.jar;C:\Users\az_me\.m2\repository\org\springframework\spring-webmvc\6.0.9\spring-webmvc-6.0.9.jar;C:\Users\az_me\.m2\repository\org\springframework\spring-expression\6.0.9\spring-expression-6.0.9.jar;C:\Users\az_me\.m2\repository\org\springframework\boot\spring-boot-starter-test\3.1.0\spring-boot-starter-test-3.1.0.jar;C:\Users\az_me\.m2\repository\org\springframework\boot\spring-boot-test\3.1.0\spring-boot-test-3.1.0.jar;C:\Users\az_me\.m2\repository\org\springframework\boot\spring-boot-test-autoconfigure\3.1.0\spring-boot-test-autoconfigure-3.1.0.jar;C:\Users\az_me\.m2\repository\com\jayway\jsonpath\json-path\2.8.0\json-path-2.8.0.jar;C:\Users\az_me\.m2\repository\jakarta\xml\bind\jakarta.xml.bind-api\4.0.0\jakarta.xml.bind-api-4.0.0.jar;C:\Users\az_me\.m2\repository\jakarta\activation\jakarta.activation-api\2.1.2\jakarta.activation-api-2.1.2.jar;C:\Users\az_me\.m2\repository\net\minidev\json-smart\2.4.10\json-smart-2.4.10.jar;C:\Users\az_me\.m2\repository\net\minidev\accessors-smart\2.4.9\accessors-smart-2.4.9.jar;C:\Users\az_me\.m2\repository\org\ow2\asm\asm\9.3\asm-9.3.jar;C:\Users\az_me\.m2\repository\org\assertj\assertj-core\3.24.2\assertj-core-3.24.2.jar;C:\Users\az_me\.m2\repository\org\hamcrest\hamcrest\2.2\hamcrest-2.2.jar;C:\Users\az_me\.m2\repository\org\junit\jupiter\junit-jupiter\5.9.3\junit-jupiter-5.9.3.jar;C:\Users\az_me\.m2\repository\org\junit\jupiter\junit-jupiter-params\5.9.3\junit-jupiter-params-5.9.3.jar;C:\Users\az_me\.m2\repository\org\junit\jupiter\junit-jupiter-engine\5.9.3\junit-jupiter-engine-5.9.3.jar;C:\Users\az_me\.m2\repository\org\junit\platform\junit-platform-engine\1.9.3\junit-platform-engine-1.9.3.jar;C:\Users\az_me\.m2\repository\org\mockito\mockito-core\5.3.1\mockito-core-5.3.1.jar;C:\Users\az_me\.m2\repository\net\bytebuddy\byte-buddy-agent\1.14.4\byte-buddy-agent-1.14.4.jar;C:\Users\az_me\.m2\repository\org\objenesis\objenesis\3.3\objenesis-3.3.jar;C:\Users\az_me\.m2\repository\org\skyscreamer\jsonassert\1.5.1\jsonassert-1.5.1.jar;C:\Users\az_me\.m2\repository\com\vaadin\external\google\android-json\0.0.20131108.vaadin1\android-json-0.0.20131108.vaadin1.jar;C:\Users\az_me\.m2\repository\org\springframework\spring-core\6.0.9\spring-core-6.0.9.jar;C:\Users\az_me\.m2\repository\org\springframework\spring-jcl\6.0.9\spring-jcl-6.0.9.jar;C:\Users\az_me\.m2\repository\org\springframework\spring-test\6.0.9\spring-test-6.0.9.jar;C:\Users\az_me\.m2\repository\org\xmlunit\xmlunit-core\2.9.1\xmlunit-core-2.9.1.jar;C:\Users\az_me\.m2\repository\org\springframework\security\spring-security-crypto\5.5.1\spring-security-crypto-5.5.1.jar;C:\Users\az_me\.m2\repository\org\apache\tomcat\embed\tomcat-embed-core\10.1.8\tomcat-embed-core-10.1.8.jar;C:\Users\az_me\.m2\repository\org\apache\tomcat\tomcat-annotations-api\10.1.8\tomcat-annotations-api-10.1.8.jar;C:\Users\az_me\.m2\repository\org\springframework\spring-web\6.0.9\spring-web-6.0.9.jar;C:\Users\az_me\.m2\repository\org\springframework\spring-beans\6.0.9\spring-beans-6.0.9.jar;C:\Users\az_me\.m2\repository\io\micrometer\micrometer-observation\1.11.0\micrometer-observation-1.11.0.jar;C:\Users\az_me\.m2\repository\io\micrometer\micrometer-commons\1.11.0\micrometer-commons-1.11.0.jar;C:\Users\az_me\.m2\repository\junit\junit\4.13.2\junit-4.13.2.jar;C:\Users\az_me\.m2\repository\org\hamcrest\hamcrest-core\2.2\hamcrest-core-2.2.jar;C:\Users\az_me\.m2\repository\org\projectlombok\lombok\1.18.26\lombok-1.18.26.jar;C:\Users\az_me\.m2\repository\com\h2database\h2\2.1.214\h2-2.1.214.jar;C:\Users\az_me\.m2\repository\org\apache\commons\commons-csv\1.9.0\commons-csv-1.9.0.jar;C:\Users\az_me\.m2\repository\org\junit\jupiter\junit-jupiter-api\5.9.3\junit-jupiter-api-5.9.3.jar;C:\Users\az_me\.m2\repository\org\opentest4j\opentest4j\1.2.0\opentest4j-1.2.0.jar;C:\Users\az_me\.m2\repository\org\junit\platform\junit-platform-commons\1.9.3\junit-platform-commons-1.9.3.jar;C:\Users\az_me\.m2\repository\org\apiguardian\apiguardian-api\1.1.2\apiguardian-api-1.1.2.jar;C:\Users\az_me\.m2\repository\org\mockito\mockito-junit-jupiter\5.3.1\mockito-junit-jupiter-5.3.1.jar;C:\Users\az_me\.m2\repository\org\seleniumhq\selenium\selenium-java\4.10.0\selenium-java-4.10.0.jar;C:\Users\az_me\.m2\repository\org\seleniumhq\selenium\selenium-api\4.8.3\selenium-api-4.8.3.jar;C:\Users\az_me\.m2\repository\org\seleniumhq\selenium\selenium-chrome-driver\4.8.3\selenium-chrome-driver-4.8.3.jar;C:\Users\az_me\.m2\repository\com\google\auto\service\auto-service-annotations\1.0.1\auto-service-annotations-1.0.1.jar;C:\Users\az_me\.m2\repository\com\google\auto\service\auto-service\1.0.1\auto-service-1.0.1.jar;C:\Users\az_me\.m2\repository\com\google\auto\auto-common\1.2\auto-common-1.2.jar;C:\Users\az_me\.m2\repository\com\google\guava\guava\31.1-jre\guava-31.1-jre.jar;C:\Users\az_me\.m2\repository\com\google\guava\failureaccess\1.0.1\failureaccess-1.0.1.jar;C:\Users\az_me\.m2\repository\com\google\guava\listenablefuture\9999.0-empty-to-avoid-conflict-with-guava\listenablefuture-9999.0-empty-to-avoid-conflict-with-guava.jar;C:\Users\az_me\.m2\repository\com\google\code\findbugs\jsr305\3.0.2\jsr305-3.0.2.jar;C:\Users\az_me\.m2\repository\org\checkerframework\checker-qual\3.12.0\checker-qual-3.12.0.jar;C:\Users\az_me\.m2\repository\com\google\errorprone\error_prone_annotations\2.11.0\error_prone_annotations-2.11.0.jar;C:\Users\az_me\.m2\repository\com\google\j2objc\j2objc-annotations\1.3\j2objc-annotations-1.3.jar;C:\Users\az_me\.m2\repository\org\seleniumhq\selenium\selenium-chromium-driver\4.8.3\selenium-chromium-driver-4.8.3.jar;C:\Users\az_me\.m2\repository\org\seleniumhq\selenium\selenium-json\4.8.3\selenium-json-4.8.3.jar;C:\Users\az_me\.m2\repository\org\seleniumhq\selenium\selenium-manager\4.8.3\selenium-manager-4.8.3.jar;C:\Users\az_me\.m2\repository\org\seleniumhq\selenium\selenium-devtools-v112\4.10.0\selenium-devtools-v112-4.10.0.jar;C:\Users\az_me\.m2\repository\org\seleniumhq\selenium\selenium-devtools-v113\4.10.0\selenium-devtools-v113-4.10.0.jar;C:\Users\az_me\.m2\repository\org\seleniumhq\selenium\selenium-devtools-v114\4.10.0\selenium-devtools-v114-4.10.0.jar;C:\Users\az_me\.m2\repository\org\seleniumhq\selenium\selenium-devtools-v85\4.8.3\selenium-devtools-v85-4.8.3.jar;C:\Users\az_me\.m2\repository\org\seleniumhq\selenium\selenium-edge-driver\4.8.3\selenium-edge-driver-4.8.3.jar;C:\Users\az_me\.m2\repository\org\seleniumhq\selenium\selenium-firefox-driver\4.8.3\selenium-firefox-driver-4.8.3.jar;C:\Users\az_me\.m2\repository\org\seleniumhq\selenium\selenium-http\4.8.3\selenium-http-4.8.3.jar;C:\Users\az_me\.m2\repository\dev\failsafe\failsafe\3.3.1\failsafe-3.3.1.jar;C:\Users\az_me\.m2\repository\org\seleniumhq\selenium\selenium-ie-driver\4.8.3\selenium-ie-driver-4.8.3.jar;C:\Users\az_me\.m2\repository\org\seleniumhq\selenium\selenium-remote-driver\4.8.3\selenium-remote-driver-4.8.3.jar;C:\Users\az_me\.m2\repository\com\beust\jcommander\1.82\jcommander-1.82.jar;C:\Users\az_me\.m2\repository\io\netty\netty-buffer\4.1.92.Final\netty-buffer-4.1.92.Final.jar;C:\Users\az_me\.m2\repository\io\netty\netty-codec-http\4.1.92.Final\netty-codec-http-4.1.92.Final.jar;C:\Users\az_me\.m2\repository\io\netty\netty-codec\4.1.92.Final\netty-codec-4.1.92.Final.jar;C:\Users\az_me\.m2\repository\io\netty\netty-handler\4.1.92.Final\netty-handler-4.1.92.Final.jar;C:\Users\az_me\.m2\repository\io\netty\netty-common\4.1.92.Final\netty-common-4.1.92.Final.jar;C:\Users\az_me\.m2\repository\io\netty\netty-transport-classes-epoll\4.1.92.Final\netty-transport-classes-epoll-4.1.92.Final.jar;C:\Users\az_me\.m2\repository\io\netty\netty-transport-classes-kqueue\4.1.92.Final\netty-transport-classes-kqueue-4.1.92.Final.jar;C:\Users\az_me\.m2\repository\io\netty\netty-transport-native-epoll\4.1.92.Final\netty-transport-native-epoll-4.1.92.Final.jar;C:\Users\az_me\.m2\repository\io\netty\netty-transport-native-kqueue\4.1.92.Final\netty-transport-native-kqueue-4.1.92.Final.jar;C:\Users\az_me\.m2\repository\io\netty\netty-transport-native-unix-common\4.1.92.Final\netty-transport-native-unix-common-4.1.92.Final.jar;C:\Users\az_me\.m2\repository\io\netty\netty-transport\4.1.92.Final\netty-transport-4.1.92.Final.jar;C:\Users\az_me\.m2\repository\io\netty\netty-resolver\4.1.92.Final\netty-resolver-4.1.92.Final.jar;C:\Users\az_me\.m2\repository\io\opentelemetry\opentelemetry-api\1.25.0\opentelemetry-api-1.25.0.jar;C:\Users\az_me\.m2\repository\io\opentelemetry\opentelemetry-context\1.25.0\opentelemetry-context-1.25.0.jar;C:\Users\az_me\.m2\repository\io\opentelemetry\opentelemetry-exporter-logging\1.25.0\opentelemetry-exporter-logging-1.25.0.jar;C:\Users\az_me\.m2\repository\io\opentelemetry\opentelemetry-sdk-metrics\1.25.0\opentelemetry-sdk-metrics-1.25.0.jar;C:\Users\az_me\.m2\repository\io\opentelemetry\opentelemetry-sdk-logs\1.25.0-alpha\opentelemetry-sdk-logs-1.25.0-alpha.jar;C:\Users\az_me\.m2\repository\io\opentelemetry\opentelemetry-api-logs\1.25.0-alpha\opentelemetry-api-logs-1.25.0-alpha.jar;C:\Users\az_me\.m2\repository\io\opentelemetry\opentelemetry-api-events\1.25.0-alpha\opentelemetry-api-events-1.25.0-alpha.jar;C:\Users\az_me\.m2\repository\io\opentelemetry\opentelemetry-sdk-common\1.25.0\opentelemetry-sdk-common-1.25.0.jar;C:\Users\az_me\.m2\repository\io\opentelemetry\opentelemetry-sdk-extension-autoconfigure-spi\1.25.0\opentelemetry-sdk-extension-autoconfigure-spi-1.25.0.jar;C:\Users\az_me\.m2\repository\io\opentelemetry\opentelemetry-sdk-extension-autoconfigure\1.24.0-alpha\opentelemetry-sdk-extension-autoconfigure-1.24.0-alpha.jar;C:\Users\az_me\.m2\repository\io\opentelemetry\opentelemetry-sdk-trace\1.25.0\opentelemetry-sdk-trace-1.25.0.jar;C:\Users\az_me\.m2\repository\io\opentelemetry\opentelemetry-sdk\1.25.0\opentelemetry-sdk-1.25.0.jar;C:\Users\az_me\.m2\repository\io\opentelemetry\opentelemetry-semconv\1.24.0-alpha\opentelemetry-semconv-1.24.0-alpha.jar;C:\Users\az_me\.m2\repository\io\ous\jtoml\2.0.0\jtoml-2.0.0.jar;C:\Users\az_me\.m2\repository\org\apache\commons\commons-exec\1.3\commons-exec-1.3.jar;C:\Users\az_me\.m2\repository\org\asynchttpclient\async-http-client\2.12.3\async-http-client-2.12.3.jar;C:\Users\az_me\.m2\repository\org\asynchttpclient\async-http-client-netty-utils\2.12.3\async-http-client-netty-utils-2.12.3.jar;C:\Users\az_me\.m2\repository\io\netty\netty-codec-socks\4.1.92.Final\netty-codec-socks-4.1.92.Final.jar;C:\Users\az_me\.m2\repository\io\netty\netty-handler-proxy\4.1.92.Final\netty-handler-proxy-4.1.92.Final.jar;C:\Users\az_me\.m2\repository\io\netty\netty-transport-native-epoll\4.1.92.Final\netty-transport-native-epoll-4.1.92.Final-linux-x86_64.jar;C:\Users\az_me\.m2\repository\io\netty\netty-transport-native-kqueue\4.1.92.Final\netty-transport-native-kqueue-4.1.92.Final-osx-x86_64.jar;C:\Users\az_me\.m2\repository\org\reactivestreams\reactive-streams\1.0.4\reactive-streams-1.0.4.jar;C:\Users\az_me\.m2\repository\com\typesafe\netty\netty-reactive-streams\2.0.4\netty-reactive-streams-2.0.4.jar;C:\Users\az_me\.m2\repository\com\sun\activation\jakarta.activation\1.2.2\jakarta.activation-1.2.2.jar;C:\Users\az_me\.m2\repository\org\seleniumhq\selenium\selenium-safari-driver\4.8.3\selenium-safari-driver-4.8.3.jar;C:\Users\az_me\.m2\repository\org\seleniumhq\selenium\selenium-support\4.8.3\selenium-support-4.8.3.jar;C:\Users\az_me\.m2\repository\io\github\bonigarcia\webdrivermanager\5.4.1\webdrivermanager-5.4.1.jar;C:\Users\az_me\.m2\repository\org\slf4j\slf4j-api\2.0.7\slf4j-api-2.0.7.jar;C:\Users\az_me\.m2\repository\com\google\code\gson\gson\2.10.1\gson-2.10.1.jar;C:\Users\az_me\.m2\repository\com\github\docker-java\docker-java\3.3.2\docker-java-3.3.2.jar;C:\Users\az_me\.m2\repository\com\github\docker-java\docker-java-core\3.3.2\docker-java-core-3.3.2.jar;C:\Users\az_me\.m2\repository\com\github\docker-java\docker-java-api\3.3.2\docker-java-api-3.3.2.jar;C:\Users\az_me\.m2\repository\commons-io\commons-io\2.6\commons-io-2.6.jar;C:\Users\az_me\.m2\repository\org\apache\commons\commons-compress\1.21\commons-compress-1.21.jar;C:\Users\az_me\.m2\repository\org\bouncycastle\bcpkix-jdk15on\1.64\bcpkix-jdk15on-1.64.jar;C:\Users\az_me\.m2\repository\org\bouncycastle\bcprov-jdk15on\1.64\bcprov-jdk15on-1.64.jar;C:\Users\az_me\.m2\repository\org\slf4j\jcl-over-slf4j\2.0.7\jcl-over-slf4j-2.0.7.jar;C:\Users\az_me\.m2\repository\com\github\docker-java\docker-java-transport-httpclient5\3.3.2\docker-java-transport-httpclient5-3.3.2.jar;C:\Users\az_me\.m2\repository\com\github\docker-java\docker-java-transport\3.3.2\docker-java-transport-3.3.2.jar;C:\Users\az_me\.m2\repository\net\java\dev\jna\jna\5.12.1\jna-5.12.1.jar;C:\Users\az_me\.m2\repository\org\brotli\dec\0.1.2\dec-0.1.2.jar;C:\Users\az_me\.m2\repository\org\apache\commons\commons-lang3\3.12.0\commons-lang3-3.12.0.jar;C:\Users\az_me\.m2\repository\org\apache\httpcomponents\client5\httpclient5\5.2.1\httpclient5-5.2.1.jar;C:\Users\az_me\.m2\repository\org\apache\httpcomponents\core5\httpcore5\5.2.1\httpcore5-5.2.1.jar;C:\Users\az_me\.m2\repository\org\apache\httpcomponents\core5\httpcore5-h2\5.2.1\httpcore5-h2-5.2.1.jar;"/>
    <property name="sun.cpu.endian" value="little"/>
    <property name="user.home" value="C:\Users\az_me"/>
    <property name="user.language" value="ru"/>
    <property name="java.specification.vendor" value="Oracle Corporation"/>
    <property name="java.version.date" value="2023-07-18"/>
    <property name="java.home" value="C:\Program Files\Java\jdk-20"/>
    <property name="file.separator" value="\"/>
    <property name="basedir" value="C:\Java\Projects\Lombard"/>
    <property name="java.vm.compressedOopsMode" value="Zero based"/>
    <property name="line.separator" value="&#10;"/>
    <property name="java.vm.specification.vendor" value="Oracle Corporation"/>
    <property name="java.specification.name" value="Java Platform API Specification"/>
    <property name="FILE_LOG_CHARSET" value="UTF-8"/>
    <property name="java.awt.headless" value="true"/>
    <property name="surefire.real.class.path" value="C:\Users\az_me\AppData\Local\Temp\surefire14495938362536297935\surefirebooter-20250226160244946_3.jar"/>
    <property name="user.script" value=""/>
    <property name="sun.management.compiler" value="HotSpot 64-Bit Tiered Compilers"/>
    <property name="java.runtime.version" value="20.0.2+9-78"/>
    <property name="user.name" value="az_me"/>
    <property name="stdout.encoding" value="Cp1251"/>
    <property name="path.separator" value=";"/>
    <property name="os.version" value="10.0"/>
    <property name="java.runtime.name" value="Java(TM) SE Runtime Environment"/>
    <property name="file.encoding" value="UTF-8"/>
    <property name="java.vm.name" value="Java HotSpot(TM) 64-Bit Server VM"/>
    <property name="localRepository" value="C:\Users\az_me\.m2\repository"/>
    <property name="java.vendor.url.bug" value="https://bugreport.java.com/bugreport/"/>
    <property name="java.io.tmpdir" value="C:\Users\az_me\AppData\Local\Temp\"/>
    <property name="catalina.home" value="C:\Users\az_me\AppData\Local\Temp\tomcat.0.12247028577911053676"/>
    <property name="com.zaxxer.hikari.pool_number" value="1"/>
    <property name="java.version" value="20.0.2"/>
    <property name="user.dir" value="C:\Java\Projects\Lombard"/>
    <property name="os.arch" value="amd64"/>
    <property name="java.vm.specification.name" value="Java Virtual Machine Specification"/>
    <property name="PID" value="39720"/>
    <property name="sun.os.patch.level" value=""/>
    <property name="CONSOLE_LOG_CHARSET" value="UTF-8"/>
    <property name="catalina.base" value="C:\Users\az_me\AppData\Local\Temp\tomcat.0.12247028577911053676"/>
    <property name="native.encoding" value="Cp1251"/>
    <property name="java.library.path" value="C:\Program Files\Java\jdk-20\bin;C:\WINDOWS\Sun\Java\bin;C:\WINDOWS\system32;C:\WINDOWS;c:\Users\az_me\AppData\Local\Programs\cursor\resources\app\bin;C:\Program Files\Common Files\Oracle\Java\javapath;C:\WINDOWS\system32;C:\WINDOWS;C:\WINDOWS\System32\Wbem;C:\WINDOWS\System32\WindowsPowerShell\v1.0\;C:\WINDOWS\System32\OpenSSH\;C:\Program Files\Git\cmd;C:\Program Files\dotnet\;C:\Program Files\Docker\Docker\resources\bin;C:\Program Files\Microsoft SQL Server\150\Tools\Binn\;C:\Program Files\Microsoft SQL Server\Client SDK\ODBC\170\Tools\Binn\;C:\Program Files\Microsoft SQL Server\160\Tools\Binn\;C:\Program Files (x86)\Microsoft SQL Server\160\DTS\Binn\;C:\Users\az_me\AppData\Local\Programs\Python\Python311\Scripts\;C:\Users\az_me\AppData\Local\Programs\Python\Python311\;C:\Users\az_me\AppData\Local\Microsoft\WindowsApps;C:\Program Files\JetBrains\IntelliJ IDEA Community Edition 2023.1.4\bin;;C:\Users\az_me\.dotnet\tools;C:\Program Files\JetBrains\PyCharm Community Edition 2023.2\bin;;C:\msys64\mingw64\bin;;c:\Users\az_me\AppData\Local\Programs\cursor\resources\app\bin;C:\Users\az_me\AppData\Local\Programs\Python\Python311\Scripts\;C:\Users\az_me\AppData\Local\Programs\Python\Python311\;C:\Users\az_me\AppData\Local\Microsoft\WindowsApps;C:\Program Files\JetBrains\IntelliJ IDEA Community Edition 2023.1.4\bin;;C:\Users\az_me\AppData\Local\Programs\Microsoft VS Code\bin;C:\Users\az_me\.dotnet\tools;C:\Program Files\JetBrains\PyCharm Community Edition 2023.2\bin;;C:\msys64\mingw64\bin;C:\Users\az_me\AppData\Local\Programs\cursor\resources\app\bin;C:\Java\apache-maven-3.9.9\bin;;."/>
    <property name="java.vm.info" value="mixed mode, sharing"/>
    <property name="stderr.encoding" value="Cp1251"/>
    <property name="java.vendor" value="Oracle Corporation"/>
    <property name="java.vm.version" value="20.0.2+9-78"/>
    <property name="sun.io.unicode.encoding" value="UnicodeLittle"/>
    <property name="java.class.version" value="64.0"/>
  </properties>
  <testcase name="testMainPageLoads" classname="com.example.demo.selenium.MainPageTest" time="5.471">
    <system-out><![CDATA[16:02:47.465 [main] INFO org.springframework.test.context.support.AnnotationConfigContextLoaderUtils -- Could not detect default configuration classes for test class [com.example.demo.selenium.MainPageTest]: MainPageTest does not declare any static, non-private, non-final, nested classes annotated with @Configuration.
16:02:47.653 [main] INFO org.springframework.boot.test.context.SpringBootTestContextBootstrapper -- Found @SpringBootConfiguration com.example.demo.DemoApplication for test class com.example.demo.selenium.MainPageTest
16:02:48.643 [main] INFO io.github.bonigarcia.wdm.WebDriverManager -- Using chromedriver 133.0.6943.141 (resolved driver for Chrome 133)
16:02:48.697 [main] INFO io.github.bonigarcia.wdm.WebDriverManager -- Exporting webdriver.chrome.driver as C:\Users\az_me\.cache\selenium\chromedriver\win64\133.0.6943.141\chromedriver.exe

  .   ____          _            __ _ _
 /\\ / ___'_ __ _ _(_)_ __  __ _ \ \ \ \
( ( )\___ | '_ | '_| | '_ \/ _` | \ \ \ \
 \\/  ___)| |_)| | | | | || (_| |  ) ) ) )
  '  |____| .__|_| |_|_| |_\__, | / / / /
 =========|_|==============|___/=/_/_/_/
 :: Spring Boot ::                (v3.1.0)

2025-02-26T16:02:49.314+03:00  INFO 39720 --- [           main] com.example.demo.selenium.MainPageTest   : Starting MainPageTest using Java 20.0.2 with PID 39720 (started by az_me in C:\Java\Projects\Lombard)
2025-02-26T16:02:49.323+03:00  INFO 39720 --- [           main] com.example.demo.selenium.MainPageTest   : No active profile set, falling back to 1 default profile: "default"
2025-02-26T16:02:50.481+03:00  INFO 39720 --- [           main] .s.d.r.c.RepositoryConfigurationDelegate : Bootstrapping Spring Data JPA repositories in DEFAULT mode.
2025-02-26T16:02:50.605+03:00  INFO 39720 --- [           main] .s.d.r.c.RepositoryConfigurationDelegate : Finished Spring Data repository scanning in 106 ms. Found 2 JPA repository interfaces.
2025-02-26T16:02:51.739+03:00  INFO 39720 --- [           main] o.s.b.w.embedded.tomcat.TomcatWebServer  : Tomcat initialized with port(s): 0 (http)
2025-02-26T16:02:51.758+03:00  INFO 39720 --- [           main] o.apache.catalina.core.StandardService   : Starting service [Tomcat]
2025-02-26T16:02:51.758+03:00  INFO 39720 --- [           main] o.apache.catalina.core.StandardEngine    : Starting Servlet engine: [Apache Tomcat/10.1.8]
2025-02-26T16:02:51.930+03:00  INFO 39720 --- [           main] o.a.c.c.C.[Tomcat].[localhost].[/]       : Initializing Spring embedded WebApplicationContext
2025-02-26T16:02:51.933+03:00  INFO 39720 --- [           main] w.s.c.ServletWebServerApplicationContext : Root WebApplicationContext: initialization completed in 2556 ms
2025-02-26T16:02:52.001+03:00  INFO 39720 --- [           main] com.zaxxer.hikari.HikariDataSource       : HikariPool-1 - Starting...
2025-02-26T16:02:52.427+03:00  INFO 39720 --- [           main] com.zaxxer.hikari.pool.HikariPool        : HikariPool-1 - Added connection conn0: url=jdbc:h2:mem:testdb user=SA
2025-02-26T16:02:52.439+03:00  INFO 39720 --- [           main] com.zaxxer.hikari.HikariDataSource       : HikariPool-1 - Start completed.
2025-02-26T16:02:52.464+03:00  INFO 39720 --- [           main] o.s.b.a.h2.H2ConsoleAutoConfiguration    : H2 console available at '/h2-console'. Database available at 'jdbc:h2:mem:testdb'
2025-02-26T16:02:52.829+03:00  INFO 39720 --- [           main] o.hibernate.jpa.internal.util.LogHelper  : HHH000204: Processing PersistenceUnitInfo [name: default]
2025-02-26T16:02:52.959+03:00  INFO 39720 --- [           main] org.hibernate.Version                    : HHH000412: Hibernate ORM core version 6.2.2.Final
2025-02-26T16:02:52.965+03:00  INFO 39720 --- [           main] org.hibernate.cfg.Environment            : HHH000406: Using bytecode reflection optimizer
2025-02-26T16:02:53.301+03:00  INFO 39720 --- [           main] o.h.b.i.BytecodeProviderInitiator        : HHH000021: Bytecode provider name : bytebuddy
2025-02-26T16:02:53.596+03:00  INFO 39720 --- [           main] o.s.o.j.p.SpringPersistenceUnitInfo      : No LoadTimeWeaver setup: ignoring JPA class transformer
2025-02-26T16:02:53.659+03:00  INFO 39720 --- [           main] org.hibernate.orm.dialect                : HHH035001: Using dialect: org.hibernate.dialect.H2Dialect, version: 2.1.214
2025-02-26T16:02:54.027+03:00  INFO 39720 --- [           main] o.h.b.i.BytecodeProviderInitiator        : HHH000021: Bytecode provider name : bytebuddy
2025-02-26T16:02:54.920+03:00  INFO 39720 --- [           main] o.h.e.t.j.p.i.JtaPlatformInitiator       : HHH000490: Using JtaPlatform implementation: [org.hibernate.engine.transaction.jta.platform.internal.NoJtaPlatform]
Hibernate: drop table if exists pawn_requests cascade 
Hibernate: drop table if exists users cascade 
Hibernate: create table pawn_requests (expected_price float(53), selling_price float(53), sold boolean, created_at timestamp(6), id bigint generated by default as identity, user_id bigint, image_url varchar(1000), admin_comment varchar(255), description varchar(255), item_name varchar(255), status varchar(255), primary key (id))
Hibernate: create table users (balance float(53) not null, id bigint generated by default as identity, email varchar(255), first_name varchar(255), last_name varchar(255), password varchar(255), role varchar(255), username varchar(255), primary key (id))
Hibernate: alter table if exists pawn_requests add constraint FKlkc0ohmarpv39mjx34j08o27p foreign key (user_id) references users
2025-02-26T16:02:54.997+03:00  INFO 39720 --- [           main] o.h.t.s.i.e.GenerationTargetToDatabase   : HHH000476: Executing script '[injected ScriptSourceInputNonExistentImpl script]'
2025-02-26T16:02:55.002+03:00  INFO 39720 --- [           main] j.LocalContainerEntityManagerFactoryBean : Initialized JPA EntityManagerFactory for persistence unit 'default'
2025-02-26T16:02:55.766+03:00  WARN 39720 --- [           main] JpaBaseConfiguration$JpaWebConfiguration : spring.jpa.open-in-view is enabled by default. Therefore, database queries may be performed during view rendering. Explicitly configure spring.jpa.open-in-view to disable this warning
2025-02-26T16:02:56.721+03:00  INFO 39720 --- [           main] o.s.b.w.embedded.tomcat.TomcatWebServer  : Tomcat started on port(s): 53915 (http) with context path ''
2025-02-26T16:02:56.741+03:00  INFO 39720 --- [           main] com.example.demo.selenium.MainPageTest   : Started MainPageTest in 7.963 seconds (process running for 10.548)
Hibernate: select u1_0.id,u1_0.balance,u1_0.email,u1_0.first_name,u1_0.last_name,u1_0.password,u1_0.role,u1_0.username from users u1_0 where u1_0.username=?
Hibernate: select u1_0.id,u1_0.balance,u1_0.email,u1_0.first_name,u1_0.last_name,u1_0.password,u1_0.role,u1_0.username from users u1_0 where u1_0.username=?
Hibernate: select u1_0.id,u1_0.balance,u1_0.email,u1_0.first_name,u1_0.last_name,u1_0.password,u1_0.role,u1_0.username from users u1_0 where u1_0.username=?
Hibernate: select p1_0.id,p1_0.admin_comment,p1_0.created_at,p1_0.description,p1_0.expected_price,p1_0.image_url,p1_0.item_name,p1_0.selling_price,p1_0.sold,p1_0.status,p1_0.user_id from pawn_requests p1_0 where p1_0.status=? order by p1_0.created_at desc
Hibernate: insert into pawn_requests (admin_comment,created_at,description,expected_price,image_url,item_name,selling_price,sold,status,user_id,id) values (?,?,?,?,?,?,?,?,?,?,default)
Hibernate: select p1_0.id,p1_0.admin_comment,p1_0.created_at,p1_0.description,p1_0.expected_price,p1_0.image_url,p1_0.item_name,p1_0.selling_price,p1_0.sold,p1_0.status,u1_0.id,u1_0.balance,u1_0.email,u1_0.first_name,u1_0.last_name,u1_0.password,u1_0.role,u1_0.username from pawn_requests p1_0 left join users u1_0 on u1_0.id=p1_0.user_id where p1_0.id=?
Hibernate: select p1_0.id,p1_0.admin_comment,p1_0.created_at,p1_0.description,p1_0.expected_price,p1_0.image_url,p1_0.item_name,p1_0.selling_price,p1_0.sold,p1_0.status,u1_0.id,u1_0.balance,u1_0.email,u1_0.first_name,u1_0.last_name,u1_0.password,u1_0.role,u1_0.username from pawn_requests p1_0 left join users u1_0 on u1_0.id=p1_0.user_id where p1_0.id=?
Hibernate: update pawn_requests set admin_comment=?,created_at=?,description=?,expected_price=?,image_url=?,item_name=?,selling_price=?,sold=?,status=?,user_id=? where id=?
Hibernate: insert into pawn_requests (admin_comment,created_at,description,expected_price,image_url,item_name,selling_price,sold,status,user_id,id) values (?,?,?,?,?,?,?,?,?,?,default)
Hibernate: select p1_0.id,p1_0.admin_comment,p1_0.created_at,p1_0.description,p1_0.expected_price,p1_0.image_url,p1_0.item_name,p1_0.selling_price,p1_0.sold,p1_0.status,u1_0.id,u1_0.balance,u1_0.email,u1_0.first_name,u1_0.last_name,u1_0.password,u1_0.role,u1_0.username from pawn_requests p1_0 left join users u1_0 on u1_0.id=p1_0.user_id where p1_0.id=?
Hibernate: select p1_0.id,p1_0.admin_comment,p1_0.created_at,p1_0.description,p1_0.expected_price,p1_0.image_url,p1_0.item_name,p1_0.selling_price,p1_0.sold,p1_0.status,u1_0.id,u1_0.balance,u1_0.email,u1_0.first_name,u1_0.last_name,u1_0.password,u1_0.role,u1_0.username from pawn_requests p1_0 left join users u1_0 on u1_0.id=p1_0.user_id where p1_0.id=?
Hibernate: update pawn_requests set admin_comment=?,created_at=?,description=?,expected_price=?,image_url=?,item_name=?,selling_price=?,sold=?,status=?,user_id=? where id=?
Hibernate: insert into pawn_requests (admin_comment,created_at,description,expected_price,image_url,item_name,selling_price,sold,status,user_id,id) values (?,?,?,?,?,?,?,?,?,?,default)
Hibernate: select p1_0.id,p1_0.admin_comment,p1_0.created_at,p1_0.description,p1_0.expected_price,p1_0.image_url,p1_0.item_name,p1_0.selling_price,p1_0.sold,p1_0.status,u1_0.id,u1_0.balance,u1_0.email,u1_0.first_name,u1_0.last_name,u1_0.password,u1_0.role,u1_0.username from pawn_requests p1_0 left join users u1_0 on u1_0.id=p1_0.user_id where p1_0.id=?
Hibernate: select p1_0.id,p1_0.admin_comment,p1_0.created_at,p1_0.description,p1_0.expected_price,p1_0.image_url,p1_0.item_name,p1_0.selling_price,p1_0.sold,p1_0.status,u1_0.id,u1_0.balance,u1_0.email,u1_0.first_name,u1_0.last_name,u1_0.password,u1_0.role,u1_0.username from pawn_requests p1_0 left join users u1_0 on u1_0.id=p1_0.user_id where p1_0.id=?
Hibernate: update pawn_requests set admin_comment=?,created_at=?,description=?,expected_price=?,image_url=?,item_name=?,selling_price=?,sold=?,status=?,user_id=? where id=?
Hibernate: insert into pawn_requests (admin_comment,created_at,description,expected_price,image_url,item_name,selling_price,sold,status,user_id,id) values (?,?,?,?,?,?,?,?,?,?,default)
Hibernate: select p1_0.id,p1_0.admin_comment,p1_0.created_at,p1_0.description,p1_0.expected_price,p1_0.image_url,p1_0.item_name,p1_0.selling_price,p1_0.sold,p1_0.status,u1_0.id,u1_0.balance,u1_0.email,u1_0.first_name,u1_0.last_name,u1_0.password,u1_0.role,u1_0.username from pawn_requests p1_0 left join users u1_0 on u1_0.id=p1_0.user_id where p1_0.id=?
Hibernate: select p1_0.id,p1_0.admin_comment,p1_0.created_at,p1_0.description,p1_0.expected_price,p1_0.image_url,p1_0.item_name,p1_0.selling_price,p1_0.sold,p1_0.status,u1_0.id,u1_0.balance,u1_0.email,u1_0.first_name,u1_0.last_name,u1_0.password,u1_0.role,u1_0.username from pawn_requests p1_0 left join users u1_0 on u1_0.id=p1_0.user_id where p1_0.id=?
Hibernate: update pawn_requests set admin_comment=?,created_at=?,description=?,expected_price=?,image_url=?,item_name=?,selling_price=?,sold=?,status=?,user_id=? where id=?
Hibernate: insert into pawn_requests (admin_comment,created_at,description,expected_price,image_url,item_name,selling_price,sold,status,user_id,id) values (?,?,?,?,?,?,?,?,?,?,default)
Hibernate: select p1_0.id,p1_0.admin_comment,p1_0.created_at,p1_0.description,p1_0.expected_price,p1_0.image_url,p1_0.item_name,p1_0.selling_price,p1_0.sold,p1_0.status,u1_0.id,u1_0.balance,u1_0.email,u1_0.first_name,u1_0.last_name,u1_0.password,u1_0.role,u1_0.username from pawn_requests p1_0 left join users u1_0 on u1_0.id=p1_0.user_id where p1_0.id=?
Hibernate: select p1_0.id,p1_0.admin_comment,p1_0.created_at,p1_0.description,p1_0.expected_price,p1_0.image_url,p1_0.item_name,p1_0.selling_price,p1_0.sold,p1_0.status,u1_0.id,u1_0.balance,u1_0.email,u1_0.first_name,u1_0.last_name,u1_0.password,u1_0.role,u1_0.username from pawn_requests p1_0 left join users u1_0 on u1_0.id=p1_0.user_id where p1_0.id=?
Hibernate: update pawn_requests set admin_comment=?,created_at=?,description=?,expected_price=?,image_url=?,item_name=?,selling_price=?,sold=?,status=?,user_id=? where id=?
Hibernate: insert into pawn_requests (admin_comment,created_at,description,expected_price,image_url,item_name,selling_price,sold,status,user_id,id) values (?,?,?,?,?,?,?,?,?,?,default)
Hibernate: select p1_0.id,p1_0.admin_comment,p1_0.created_at,p1_0.description,p1_0.expected_price,p1_0.image_url,p1_0.item_name,p1_0.selling_price,p1_0.sold,p1_0.status,u1_0.id,u1_0.balance,u1_0.email,u1_0.first_name,u1_0.last_name,u1_0.password,u1_0.role,u1_0.username from pawn_requests p1_0 left join users u1_0 on u1_0.id=p1_0.user_id where p1_0.id=?
Hibernate: select p1_0.id,p1_0.admin_comment,p1_0.created_at,p1_0.description,p1_0.expected_price,p1_0.image_url,p1_0.item_name,p1_0.selling_price,p1_0.sold,p1_0.status,u1_0.id,u1_0.balance,u1_0.email,u1_0.first_name,u1_0.last_name,u1_0.password,u1_0.role,u1_0.username from pawn_requests p1_0 left join users u1_0 on u1_0.id=p1_0.user_id where p1_0.id=?
Hibernate: update pawn_requests set admin_comment=?,created_at=?,description=?,expected_price=?,image_url=?,item_name=?,selling_price=?,sold=?,status=?,user_id=? where id=?
Hibernate: insert into pawn_requests (admin_comment,created_at,description,expected_price,image_url,item_name,selling_price,sold,status,user_id,id) values (?,?,?,?,?,?,?,?,?,?,default)
Hibernate: select p1_0.id,p1_0.admin_comment,p1_0.created_at,p1_0.description,p1_0.expected_price,p1_0.image_url,p1_0.item_name,p1_0.selling_price,p1_0.sold,p1_0.status,u1_0.id,u1_0.balance,u1_0.email,u1_0.first_name,u1_0.last_name,u1_0.password,u1_0.role,u1_0.username from pawn_requests p1_0 left join users u1_0 on u1_0.id=p1_0.user_id where p1_0.id=?
Hibernate: select p1_0.id,p1_0.admin_comment,p1_0.created_at,p1_0.description,p1_0.expected_price,p1_0.image_url,p1_0.item_name,p1_0.selling_price,p1_0.sold,p1_0.status,u1_0.id,u1_0.balance,u1_0.email,u1_0.first_name,u1_0.last_name,u1_0.password,u1_0.role,u1_0.username from pawn_requests p1_0 left join users u1_0 on u1_0.id=p1_0.user_id where p1_0.id=?
Hibernate: update pawn_requests set admin_comment=?,created_at=?,description=?,expected_price=?,image_url=?,item_name=?,selling_price=?,sold=?,status=?,user_id=? where id=?
Hibernate: insert into pawn_requests (admin_comment,created_at,description,expected_price,image_url,item_name,selling_price,sold,status,user_id,id) values (?,?,?,?,?,?,?,?,?,?,default)
Hibernate: select p1_0.id,p1_0.admin_comment,p1_0.created_at,p1_0.description,p1_0.expected_price,p1_0.image_url,p1_0.item_name,p1_0.selling_price,p1_0.sold,p1_0.status,u1_0.id,u1_0.balance,u1_0.email,u1_0.first_name,u1_0.last_name,u1_0.password,u1_0.role,u1_0.username from pawn_requests p1_0 left join users u1_0 on u1_0.id=p1_0.user_id where p1_0.id=?
Hibernate: select p1_0.id,p1_0.admin_comment,p1_0.created_at,p1_0.description,p1_0.expected_price,p1_0.image_url,p1_0.item_name,p1_0.selling_price,p1_0.sold,p1_0.status,u1_0.id,u1_0.balance,u1_0.email,u1_0.first_name,u1_0.last_name,u1_0.password,u1_0.role,u1_0.username from pawn_requests p1_0 left join users u1_0 on u1_0.id=p1_0.user_id where p1_0.id=?
Hibernate: update pawn_requests set admin_comment=?,created_at=?,description=?,expected_price=?,image_url=?,item_name=?,selling_price=?,sold=?,status=?,user_id=? where id=?
2025-02-26T16:03:00.135+03:00  WARN 39720 --- [           main] o.o.selenium.devtools.CdpVersionFinder   : Unable to find CDP implementation matching 133
2025-02-26T16:03:00.139+03:00  WARN 39720 --- [           main] o.o.selenium.chromium.ChromiumDriver     : Unable to find version of CDP to use for . You may need to include a dependency on a specific version of the CDP using something similar to `org.seleniumhq.selenium:selenium-devtools-v86:4.8.3` where the version ("v86") matches the version of the chromium-based browser you're using and the version number of the artifact is the same as Selenium's.
2025-02-26T16:03:00.344+03:00  INFO 39720 --- [o-auto-1-exec-1] o.a.c.c.C.[Tomcat].[localhost].[/]       : Initializing Spring DispatcherServlet 'dispatcherServlet'
2025-02-26T16:03:00.344+03:00  INFO 39720 --- [o-auto-1-exec-1] o.s.web.servlet.DispatcherServlet        : Initializing Servlet 'dispatcherServlet'
2025-02-26T16:03:00.346+03:00  INFO 39720 --- [o-auto-1-exec-1] o.s.web.servlet.DispatcherServlet        : Completed initialization in 2 ms
Page source: <html><head>
    <title>Домашняя страница</title>
    <link href="https://cdn.jsdelivr.net/npm/bootstrap@5.3.0/dist/css/bootstrap.min.css" rel="stylesheet">
    <link rel="stylesheet" href="https://cdn.jsdelivr.net/npm/bootstrap-icons@1.7.2/font/bootstrap-icons.css">
    <style>
        :root {
            --primary-color: #2e7d32;
            --accent-color: #43a047;
            --bg-light: #f1f8e9;
            --hover-color: #66bb6a;
        }

        body {
            font-family: 'Segoe UI', Tahoma, Geneva, Verdana, sans-serif;
            background-color: var(--bg-light);
        }

        .custom-navbar {
            background-color: var(--primary-color) !important;
            box-shadow: 0 2px 4px rgba(0,0,0,0.1);
        }

        .navbar-brand {
            font-weight: 600;
            font-size: 1.5rem;
            color: white !important;
        }

        .nav-link {
            color: rgba(255,255,255,0.9) !important;
            transition: all 0.3s ease;
        }

        .nav-link:hover {
            color: var(--accent-color) !important;
            transform: translateY(-2px);
        }

        .hero-section {
            padding: 100px 0 120px;
            background: linear-gradient(135deg, var(--primary-color), var(--accent-color));
            color: white;
            clip-path: polygon(0 0, 100% 0, 100% 90%, 0 100%);
            margin-bottom: 3rem;
        }

        .hero-title {
            font-size: 3.5rem;
            font-weight: 700;
            margin-bottom: 1.5rem;
            text-shadow: 2px 2px 4px rgba(0,0,0,0.2);
        }

        .hero-text {
            font-size: 1.2rem;
            margin-bottom: 2rem;
        }

        .btn-register, .btn-login {
            background-color: var(--accent-color);
            border: none;
            padding: 15px 40px;
            font-size: 1.1rem;
            border-radius: 30px;
            transition: all 0.3s ease;
            box-shadow: 0 4px 15px rgba(67, 160, 71, 0.3);
            margin: 0 10px;
        }

        .btn-login {
            background-color: transparent;
            border: 2px solid white;
        }

        .btn-register:hover, .btn-login:hover {
            background-color: var(--hover-color);
            transform: translateY(-3px);
            box-shadow: 0 6px 20px rgba(67, 160, 71, 0.4);
        }

        .btn-login:hover {
            background-color: white;
            color: var(--primary-color) !important;
        }

        .feature-card {
            background: white;
            padding: 2rem;
            border-radius: 15px;
            margin-top: 0;
            box-shadow: 0 10px 30px rgba(0,0,0,0.1);
            transition: all 0.3s ease;
            border-top: 4px solid var(--accent-color);
            height: 100%;
        }

        .feature-card:hover {
            transform: translateY(-10px);
            box-shadow: 0 15px 40px rgba(0,0,0,0.15);
        }

        .feature-card h3 {
            color: var(--primary-color);
            font-weight: 600;
            margin-bottom: 1rem;
        }

        .feature-card p {
            color: #666;
            line-height: 1.6;
        }

        .main-content {
            margin-top: 2rem;
            padding-bottom: 4rem;
        }

        .content-row {
            margin-bottom: 3rem;
        }

        .social-links a {
            color: var(--primary-color);
            text-decoration: none;
            font-weight: 500;
            transition: all 0.3s ease;
        }

        .social-links a:hover {
            color: var(--accent-color);
        }

        .team-members p {
            margin-bottom: 0.5rem;
        }

        footer a {
            text-decoration: none;
        }

        footer a:hover {
            color: var(--accent-color) !important;
        }

        .list-unstyled li {
            margin-bottom: 0.5rem;
            color: #444;
        }

        .profile-info {
            padding: 1rem;
        }
        
        .profile-info p {
            margin-bottom: 0.5rem;
            color: #333;
        }
        
        .profile-info strong {
            color: var(--primary-color);
            min-width: 120px;
            display: inline-block;
        }
        
        .modal-content {
            border-top: 4px solid var(--accent-color);
        }
        
        .modal-header {
            background-color: var(--bg-light);
        }
        
        .modal-title {
            color: var(--primary-color);
            font-weight: 600;
        }

        .action-buttons {
            margin-top: 2rem;
            display: flex;
            gap: 1rem;
            justify-content: center;
        }

        .action-card {
            background: white;
            padding: 1.5rem;
            border-radius: 10px;
            box-shadow: 0 4px 15px rgba(0,0,0,0.1);
            text-align: center;
            transition: transform 0.3s ease;
        }

        .action-card:hover {
            transform: translateY(-5px);
        }

        .action-icon {
            font-size: 2rem;
            color: var(--primary-color);
            margin-bottom: 1rem;
        }
    </style>
</head>
<body>
    <nav class="navbar navbar-expand-lg custom-navbar">
        <div class="container">
            <a class="navbar-brand" href="/">Главная</a>
            <div class="navbar-nav ms-auto">
                
                <div class="d-flex">
                    <a class="nav-link me-3" href="/login">Вход</a>
                    <a class="nav-link" href="/register">Регистрация</a>
                </div>
            </div>
        </div>
    </nav>

    <div class="hero-section">
        <div class="container">
            <div class="row">
                <div class="col-md-8 offset-md-2 text-center">
                    <h1 class="hero-title">Добро пожаловать</h1>
                    
                    <div>
                        <p class="hero-text">Присоединяйтесь к нам прямо сейчас</p>
                        <div class="d-flex justify-content-center">
                            <a href="/login" class="btn btn-primary me-3">Войти</a>
                            <a href="/register" class="btn btn-success">Зарегистрироваться</a>
                        </div>
                    </div>
                </div>
            </div>
        </div>
    </div>

    

    <div class="container main-content">
        <div class="row content-row">
            <div class="col-md-4">
                <div class="feature-card">
                    <h3>Простая регистрация</h3>
                    <p>Быстрый процесс регистрации займет всего несколько минут. Мы ценим ваше время и сделали процесс максимально удобным.</p>
                </div>
            </div>
            <div class="col-md-4">
                <div class="feature-card">
                    <h3>Безопасность</h3>
                    <p>Используем современные методы шифрования и защиты данных. Ваша информация под надежной защитой.</p>
                </div>
            </div>
            <div class="col-md-4">
                <div class="feature-card">
                    <h3>Поддержка 24/7</h3>
                    <p>Наша команда поддержки всегда готова помочь вам решить любые вопросы в любое время дня и ночи.</p>
                </div>
            </div>
        </div>

        <div class="row content-row">
            <div class="col-md-6">
                <div class="feature-card">
                    <h3>О нас</h3>
                    <p>Мы - команда профессионалов с более чем 10-летним опытом работы. Наша миссия - предоставить вам самый удобный и безопасный сервис.</p>
                    <ul class="list-unstyled">
                        <li>✓ Более 10,000 довольных клиентов</li>
                        <li>✓ 98% положительных отзывов</li>
                        <li>✓ Награда "Лучший сервис 2024 года"</li>
                    </ul>
                </div>
            </div>
            <div class="col-md-6">
                <div class="feature-card">
                    <h3>Наша команда</h3>
                    <div class="team-members">
                        <p><strong>Зориков Антон</strong> - Генеральный директор</p>
                        <p><strong>Виктория Щепкиа</strong> - Руководитель службы поддержки</p>
                        <p><strong>Ирина Безгодкова</strong> - Главный секретарь</p>
                        <p><strong>Матвей Лейко</strong> - Глава службы вымогания</p>
                    </div>
                </div>
            </div>
        </div>

        <div class="row content-row">
            <div class="col-md-4">
                <div class="feature-card">
                    <h3>Контакты</h3>
                    <p><i class="bi bi-geo-alt"></i> Адрес: г. Москва, ул. Пушкина, д. 10</p>
                    <p><i class="bi bi-telephone"></i> Телефон: +7 (495) 123-45-67</p>
                    <p><i class="bi bi-envelope"></i> Email: info@example.com</p>
                </div>
            </div>
            <div class="col-md-4">
                <div class="feature-card">
                    <h3>Режим работы</h3>
                    <p>Понедельник - Пятница: 9:00 - 20:00</p>
                    <p>Суббота: 10:00 - 18:00</p>
                    <p>Воскресенье: выходной</p>
                </div>
            </div>
            <div class="col-md-4">
                <div class="feature-card">
                    <h3>Социальные сети</h3>
                    <p>Следите за нами в социальных сетях:</p>
                    <div class="social-links">
                        <a href="#" class="me-3">Telegram</a>
                        <a href="#" class="me-3">VK</a>
                        <a href="#">WhatsApp</a>
                    </div>
                </div>
            </div>
        </div>
    </div>

    <footer class="bg-dark text-light py-4 mt-5">
        <div class="container">
            <div class="row">
                <div class="col-md-6">
                    <p>© 2024 Все права защищены</p>
                </div>
                <div class="col-md-6 text-end">
                    <a href="#" class="text-light me-3">Политика конфиденциальности</a>
                    <a href="#" class="text-light">Условия использования</a>
                </div>
            </div>
        </div>
    </footer>

    

    <script src="https://cdn.jsdelivr.net/npm/bootstrap@5.3.0/dist/js/bootstrap.bundle.min.js"></script>

 </body></html>
]]></system-out>
    <system-err><![CDATA[Starting ChromeDriver 133.0.6943.141 (2a5d6da0d6165d7b107502095a937fe7704fcef6-refs/branch-heads/6943@{#1912}) on port 2325
Only local connections are allowed.
Please see https://chromedriver.chromium.org/security-considerations for suggestions on keeping ChromeDriver safe.
ChromeDriver was started successfully on port 2325.
]]></system-err>
  </testcase>
  <testcase name="testNavigationLinks" classname="com.example.demo.selenium.MainPageTest" time="2.867">
    <system-out><![CDATA[2025-02-26T16:03:03.768+03:00  WARN 39720 --- [           main] o.o.selenium.devtools.CdpVersionFinder   : Unable to find CDP implementation matching 133
2025-02-26T16:03:03.768+03:00  WARN 39720 --- [           main] o.o.selenium.chromium.ChromiumDriver     : Unable to find version of CDP to use for . You may need to include a dependency on a specific version of the CDP using something similar to `org.seleniumhq.selenium:selenium-devtools-v86:4.8.3` where the version ("v86") matches the version of the chromium-based browser you're using and the version number of the artifact is the same as Selenium's.
]]></system-out>
    <system-err><![CDATA[Starting ChromeDriver 133.0.6943.141 (2a5d6da0d6165d7b107502095a937fe7704fcef6-refs/branch-heads/6943@{#1912}) on port 35528
Only local connections are allowed.
Please see https://chromedriver.chromium.org/security-considerations for suggestions on keeping ChromeDriver safe.
ChromeDriver was started successfully on port 35528.
]]></system-err>
  </testcase>
</testsuite>